\BOOKMARK [0][-]{chapter.1}{مقدمه}{}% 1
\BOOKMARK [1][-]{section.1.1}{انگیزه‌ی پژوهش}{chapter.1}% 2
\BOOKMARK [1][-]{section.1.2}{صورت مسئله}{chapter.1}% 3
\BOOKMARK [1][-]{section.1.3}{روش پژوهش}{chapter.1}% 4
\BOOKMARK [1][-]{section.1.4}{روش ارزیابی}{chapter.1}% 5
\BOOKMARK [1][-]{section.1.5}{خلاصه‌ی دستاوردهای پژوهش}{chapter.1}% 6
\BOOKMARK [1][-]{section.1.6}{ساختار پایان‌نامه}{chapter.1}% 7
\BOOKMARK [0][-]{chapter.2}{تعاریف اولیه و پیش‌زمینه تحقیق}{}% 8
\BOOKMARK [1][-]{section.2.1}{مدل بازیگر}{chapter.2}% 9
\BOOKMARK [2][-]{subsection.2.1.1}{جایگاه آزمون مبتنی بر مدل در میان روش‌های بازرسی کارکرد نرم‌افزار}{section.2.1}% 10
\BOOKMARK [2][-]{subsection.2.1.2}{؟؟}{section.2.1}% 11
\BOOKMARK [1][-]{section.2.2}{طراحی مبتنی بر دامنه}{chapter.2}% 12
\BOOKMARK [0][-]{chapter.3}{کارهای پیشین}{}% 13
\BOOKMARK [1][-]{section.3.1}{الگوهای همگام سازی}{chapter.3}% 14
\BOOKMARK [1][-]{section.3.2}{طراحی به روش ارتباط ناهمگام}{chapter.3}% 15
\BOOKMARK [2][-]{subsection.3.2.1}{مالتی کور}{section.3.2}% 16
\BOOKMARK [0][-]{chapter.4}{روش طراحی پیشنهادی}{}% 17
\BOOKMARK [1][-]{section.4.1}{معرفی مطالعه‌ی موردی }{chapter.4}% 18
\BOOKMARK [2][-]{subsection.4.1.1}{زیر بخش}{section.4.1}% 19
\BOOKMARK [1][-]{section.4.2}{طراحی سیستم به روش ناهمگام}{chapter.4}% 20
\BOOKMARK [1][-]{section.4.3}{الگوها و سبک‌های طراحی}{chapter.4}% 21
\BOOKMARK [2][-]{subsection.4.3.1}{روشهای coordination }{section.4.3}% 22
\BOOKMARK [2][-]{subsection.4.3.2}{سبک های طراحی}{section.4.3}% 23
\BOOKMARK [1][-]{section.4.4}{پیاده‌سازی}{chapter.4}% 24
\BOOKMARK [0][-]{chapter.5}{ارزیابی}{}% 25
\BOOKMARK [1][-]{section.5.1}{روش ارزیابی}{chapter.5}% 26
\BOOKMARK [1][-]{section.5.2}{ارزیابی کارایی}{chapter.5}% 27
\BOOKMARK [1][-]{section.5.3}{ارزیابی تغییرپذیری}{chapter.5}% 28
\BOOKMARK [2][-]{subsection.5.3.1}{بررسی معیارهای ایستا }{section.5.3}% 29
\BOOKMARK [2][-]{subsection.5.3.2}{اعمال تغییرات}{section.5.3}% 30
\BOOKMARK [1][-]{section.5.4}{نتایج ارزیابی}{chapter.5}% 31
\BOOKMARK [2][-]{subsection.5.4.1}{تحلیل نتایج}{section.5.4}% 32
\BOOKMARK [0][-]{chapter.6}{جمع‌بندی و نکات پایانی}{}% 33
\BOOKMARK [1][-]{section.6.1}{دستاوردهای این پژوهش}{chapter.6}% 34
\BOOKMARK [1][-]{section.6.2}{کاستی‌های چهارچوب}{chapter.6}% 35
\BOOKMARK [1][-]{section.6.3}{جهت‌گیری‌های پژوهشی آینده}{chapter.6}% 36
\BOOKMARK [0][-]{appendix.Alph1}{تطبیق نمادگذاری‌ها}{}% 37
\BOOKMARK [0][-]{section*.21}{کتاب‌نامه}{}% 38
\BOOKMARK [0][-]{appendix*.24}{واژه‌نامه‌ی فارسی به انگلیسی}{}% 39
